Time[ps]      Etot[eV]     Epot[eV]     Ekin[eV]    T[K]
Time[ps]      Etot[eV]     Epot[eV]     Ekin[eV]    T[K]
Time[ps]      Etot[eV]     Epot[eV]     Ekin[eV]    T[K]
0.0000          86.0373      76.9044       9.1329  1261.7
0.0010          85.9682      76.9143       9.0539  1250.8
0.0020          85.9711      76.9075       9.0636  1252.1
0.0030          85.9947      76.8875       9.1072  1258.2
0.0040          86.0302      76.8567       9.1735  1267.3
0.0050          86.0279      76.8189       9.2090  1272.2
0.0060          85.9925      76.7802       9.2122  1272.7
0.0070          85.9937      76.7461       9.2476  1277.5
0.0080          85.9724      76.7197       9.2526  1278.2
0.0090          85.9600      76.7053       9.2547  1278.5
0.0100          85.9416      76.7044       9.2372  1276.1
0.0110          85.9086      76.7162       9.1924  1269.9
0.0120          85.8766      76.7367       9.1399  1262.7
0.0130          85.8727      76.7604       9.1123  1258.9
0.0140          85.8360      76.7827       9.0533  1250.7
0.0150          85.8302      76.8006       9.0297  1247.4
0.0160          85.8374      76.8142       9.0233  1246.6
0.0170          85.8323      76.8196       9.0128  1245.1
0.0180          85.8403      76.8006       9.0397  1248.8
0.0190          85.8319      76.7400       9.0919  1256.0
0.0200          85.8047      76.6364       9.1683  1266.6
0.0210          85.8333      76.5033       9.3299  1288.9
0.0220          85.7787      76.3701       9.4086  1299.8
0.0230          85.8107      76.2680       9.5427  1318.3
0.0240          85.8116      76.2158       9.5957  1325.6
0.0250          85.8097      76.2127       9.5971  1325.8
0.0260          85.7756      76.2437       9.5320  1316.8
0.0270          85.7533      76.2905       9.4628  1307.3
0.0280          85.7796      76.3386       9.4410  1304.3
0.0290          85.7051      76.3821       9.3230  1288.0
0.0300          85.6608      76.4196       9.2412  1276.7
0.0310          85.6418      76.4511       9.1906  1269.7
0.0320          85.6417      76.4778       9.1639  1266.0
0.0330          85.6610      76.4986       9.1623  1265.8
0.0340          85.6744      76.5133       9.1611  1265.6
0.0350          85.6059      76.5203       9.0855  1255.2
0.0360          85.5682      76.5188       9.0494  1250.2
0.0370          85.4865      76.5099       8.9765  1240.1
0.0380          85.5344      76.4932       9.0413  1249.0
0.0390          85.5264      76.4718       9.0546  1250.9
0.0400          85.5114      76.4473       9.0641  1252.2
0.0410          85.5061      76.4229       9.0832  1254.8
0.0420          85.4820      76.4037       9.0783  1254.2
0.0430          85.5157      76.3963       9.1194  1259.8
0.0440          85.4888      76.4039       9.0849  1255.1
0.0450          85.4259      76.4302       8.9956  1242.7
0.0460          85.4130      76.4749       8.9381  1234.8
0.0470          85.3738      76.5356       8.8382  1221.0
0.0480          85.4505      76.6107       8.8398  1221.2
0.0490          85.4106      76.6977       8.7129  1203.7
0.0500          85.4158      76.7920       8.6238  1191.4
0.0510          85.4551      76.8893       8.5658  1183.4
0.0520          85.4362      76.9851       8.4511  1167.5
0.0530          85.4205      77.0728       8.3477  1153.2
0.0540          85.3252      77.1451       8.1801  1130.1
0.0550          85.3296      77.1964       8.1332  1123.6
0.0560          85.2840      77.2235       8.0605  1113.5
0.0570          85.3003      77.2255       8.0747  1115.5
0.0580          85.2821      77.2044       8.0777  1115.9
0.0590          85.3032      77.1658       8.1374  1124.2
0.0600          85.2732      77.1147       8.1585  1127.1
0.0610          85.2449      77.0558       8.1891  1131.3
0.0620          85.2088      76.9985       8.2102  1134.2
0.0630          85.1448      76.9480       8.1967  1132.4
0.0640          85.1469      76.9059       8.2410  1138.5
0.0650          85.1112      76.8712       8.2400  1138.3
0.0660          85.1131      76.8389       8.2742  1143.1
0.0670          85.0901      76.8037       8.2863  1144.8
0.0680          85.0759      76.7600       8.3159  1148.8
0.0690          85.0415      76.7069       8.3346  1151.4
0.0700          85.0084      76.6443       8.3642  1155.5
0.0710          84.9767      76.5762       8.4005  1160.5
0.0720          84.9517      76.5038       8.4478  1167.1
0.0730          84.9557      76.4303       8.5253  1177.8
0.0740          84.9540      76.3560       8.5979  1187.8
0.0750          84.9356      76.2810       8.6547  1195.6
0.0760          84.9132      76.2025       8.7107  1203.4
0.0770          84.9568      76.1196       8.8372  1220.9
0.0780          84.9258      76.0353       8.8906  1228.2
0.0790          84.9877      75.9560       9.0318  1247.7
0.0800          84.9640      75.8869       9.0771  1254.0
0.0810          84.9454      75.8349       9.1106  1258.6
0.0820          84.9436      75.8043       9.1393  1262.6
0.0830          84.9347      75.7963       9.1384  1262.5
0.0840          84.9111      75.8073       9.1038  1257.7
0.0850          84.9217      75.8325       9.0893  1255.7
0.0860          84.9043      75.8665       9.0378  1248.6
0.0870          84.9055      75.9029       9.0026  1243.7
0.0880          84.9192      75.9389       8.9802  1240.6
0.0890          84.8726      75.9738       8.8988  1229.4
0.0900          84.8864      76.0091       8.8772  1226.4
0.0910          84.8625      76.0460       8.8165  1218.0
0.0920          84.8742      76.0858       8.7884  1214.1
0.0930          84.8938      76.1275       8.7663  1211.1
0.0940          84.9305      76.1710       8.7595  1210.1
0.0950          84.8904      76.2176       8.6728  1198.1
0.0960          84.8208      76.2682       8.5526  1181.5
0.0970          84.7895      76.3228       8.4667  1169.7
0.0980          84.7718      76.3823       8.3895  1159.0
0.0990          84.7880      76.4501       8.3380  1151.9
0.1000          84.6713      76.5264       8.1450  1125.2
Time[ps]      Etot[eV]     Epot[eV]     Ekin[eV]    T[K]
0.0000          88.1212      86.0309       2.0903   288.8
0.0010          88.1135      85.8436       2.2699   313.6
0.0020          88.1096      85.1325       2.9771   411.3
0.0030          88.1044      84.1100       3.9944   551.8
0.0040          88.1257      83.0094       5.1163   706.8
0.0050          88.1116      81.9990       6.1126   844.5
0.0060          88.0992      81.1601       6.9391   958.6
0.0070          88.0830      80.5066       7.5764  1046.7
0.0080          88.1070      80.0155       8.0915  1117.8
0.0090          88.0408      79.6520       8.3888  1158.9
0.0100          88.0353      79.3843       8.6509  1195.1
0.0110          88.0802      79.1870       8.8931  1228.6
0.0120          88.0862      79.0408       9.0454  1249.6
0.0130          88.1026      78.9304       9.1722  1267.1
0.0140          88.0807      78.8461       9.2346  1275.8
0.0150          88.0602      78.7808       9.2795  1281.9
0.0160          88.0020      78.7286       9.2734  1281.1
0.0170          88.0772      78.6844       9.3927  1297.6
0.0180          88.0211      78.6453       9.3758  1295.3
0.0190          88.0492      78.6084       9.4408  1304.2
0.0200          88.0576      78.5716       9.4860  1310.5
0.0210          88.0584      78.5335       9.5249  1315.9
0.0220          88.0154      78.4910       9.5244  1315.8
0.0230          87.9411      78.4422       9.4988  1312.3
0.0240          87.9131      78.3853       9.5278  1316.3
0.0250          87.9019      78.3188       9.5831  1323.9
0.0260          87.8568      78.2430       9.6139  1328.1
0.0270          87.8985      78.1561       9.7424  1345.9
0.0280          87.9119      78.0607       9.8512  1360.9
0.0290          87.8430      77.9594       9.8836  1365.4
0.0300          87.7496      77.8565       9.8931  1366.7
0.0310          87.6814      77.7561       9.9254  1371.2
0.0320          87.6482      77.6646       9.9836  1379.2
0.0330          87.6097      77.5902      10.0196  1384.2
0.0340          87.6150      77.5394      10.0756  1391.9
0.0350          87.5682      77.5157      10.0525  1388.7
0.0360          87.5641      77.5201      10.0440  1387.6
0.0370          87.6310      77.5499      10.0810  1392.7
0.0380          87.6480      77.6019      10.0461  1387.9
0.0390          87.6848      77.6707      10.0141  1383.4
0.0400          87.6768      77.7473       9.9295  1371.8
0.0410          87.6511      77.8115       9.8396  1359.3
0.0420          87.6899      77.8328       9.8572  1361.8
0.0430          87.6665      77.7853       9.8812  1365.1
0.0440          87.5887      77.6727       9.9160  1369.9
0.0450          87.5666      77.5250      10.0416  1387.2
0.0460          87.5397      77.3786      10.1611  1403.7
0.0470          87.5003      77.2602      10.2401  1414.7
0.0480          87.4653      77.1824      10.2828  1420.6
0.0490          87.4300      77.1508      10.2792  1420.1
0.0500          87.4127      77.1599      10.2528  1416.4
0.0510          87.3872      77.1954      10.1918  1408.0
0.0520          87.3967      77.2357      10.1611  1403.7
0.0530          87.3592      77.2527      10.1065  1396.2
0.0540          87.3418      77.2242      10.1176  1397.7
0.0550          87.3148      77.1482      10.1667  1404.5
0.0560          87.3073      77.0349      10.2725  1419.1
0.0570          87.2823      76.9082      10.3741  1433.2
0.0580          87.2620      76.7892      10.4728  1446.8
0.0590          87.2332      76.6938      10.5394  1456.0
0.0600          87.1822      76.6269      10.5553  1458.2
0.0610          87.1345      76.5893      10.5451  1456.8
0.0620          87.0957      76.5809      10.5148  1452.6
0.0630          87.0430      76.5969      10.4461  1443.1
0.0640          87.0060      76.6322      10.3738  1433.1
0.0650          86.9604      76.6845      10.2759  1419.6
0.0660          86.9582      76.7488      10.2094  1410.4
0.0670          86.9516      76.8251      10.1265  1399.0
0.0680          86.9090      76.9125       9.9965  1381.0
0.0690          86.8576      77.0056       9.8520  1361.1
0.0700          86.8487      77.0956       9.7532  1347.4
0.0710          86.8898      77.1715       9.7183  1342.6
0.0720          86.9126      77.2186       9.6940  1339.2
0.0730          86.8840      77.2186       9.6655  1335.3
0.0740          86.8930      77.1576       9.7354  1344.9
0.0750          86.8755      77.0393       9.8363  1358.9
0.0760          86.8780      76.8756      10.0024  1381.8
0.0770          86.8624      76.6865      10.1759  1405.8
0.0780          86.8959      76.4916      10.4043  1437.3
0.0790          86.8525      76.3079      10.5446  1456.7
0.0800          86.8899      76.1489      10.7410  1483.9
0.0810          86.8652      76.0233      10.8419  1497.8
0.0820          86.8457      75.9308      10.9149  1507.9
0.0830          86.8196      75.8704      10.9492  1512.6
0.0840          86.8130      75.8371      10.9758  1516.3
0.0850          86.7556      75.8250      10.9306  1510.0
0.0860          86.7476      75.8288      10.9187  1508.4
0.0870          86.7197      75.8461      10.8737  1502.2
0.0880          86.7421      75.8728      10.8693  1501.6
0.0890          86.7131      75.9095      10.8037  1492.5
0.0900          86.7157      75.9567      10.7590  1486.4
0.0910          86.6618      76.0124      10.6494  1471.2
0.0920          86.6395      76.0731      10.5664  1459.7
0.0930          86.6158      76.1341      10.4817  1448.0
0.0940          86.5630      76.1903      10.3727  1433.0
0.0950          86.5333      76.2356      10.2977  1422.6
0.0960          86.5134      76.2663      10.2471  1415.6
0.0970          86.4656      76.2803      10.1853  1407.1
0.0980          86.4082      76.2760      10.1322  1399.7
0.0990          86.3811      76.2566      10.1245  1398.7
0.1000          86.3596      76.2263      10.1333  1399.9
Time[ps]      Etot[eV]     Epot[eV]     Ekin[eV]    T[K]
Time[ps]      Etot[eV]     Epot[eV]     Ekin[eV]    T[K]
Time[ps]      Etot[eV]     Epot[eV]     Ekin[eV]    T[K]
0.0000          88.1212      86.0309       2.0903   195.6
0.0010          85.9844      72.3012      13.6832  1280.5
0.0020          85.1418      56.6072      28.5346  2670.4
0.0030          85.9591      56.2385      29.7206  2781.4
0.0040          86.4721      62.4686      24.0036  2246.4
0.0050          86.6420      68.0364      18.6056  1741.2
0.0060          86.5143      70.4850      16.0293  1500.1
0.0070          86.4116      70.1665      16.2451  1520.3
0.0080          86.4439      68.0573      18.3866  1720.7
0.0090          86.2349      64.1980      22.0369  2062.3
0.0100          85.8952      60.5393      25.3559  2372.9
0.0110          85.8456      60.1255      25.7201  2407.0
0.0120          86.0480      61.9334      24.1147  2256.8
0.0130          86.0531      62.5429      23.5101  2200.2
0.0140          85.8501      59.9474      25.9027  2424.1
0.0150          85.5390      56.7113      28.8277  2697.8
0.0160          85.6350      57.2088      28.4261  2660.3
0.0170          85.8284      60.7695      25.0589  2345.1
0.0180          85.8150      64.7695      21.0455  1969.5
0.0190          85.8477      67.4568      18.3909  1721.1
0.0200          85.7992      68.1649      17.6343  1650.3
0.0210          85.8033      67.0869      18.7164  1751.6
0.0220          85.5107      64.5595      20.9512  1960.7
0.0230          85.5863      63.0336      22.5527  2110.6
0.0240          85.5278      61.2613      24.2665  2271.0
0.0250          85.2466      59.7977      25.4489  2381.6
0.0260          85.3291      60.7901      24.5389  2296.5
0.0270          85.5151      61.3657      24.1494  2260.0
0.0280          85.2167      58.4908      26.7259  2501.1
0.0290          84.9569      56.0632      28.8937  2704.0
0.0300          85.1890      57.1210      28.0680  2626.7
0.0310          85.1938      58.8293      26.3645  2467.3
0.0320          85.2988      60.3989      24.8999  2330.3
0.0330          85.3079      60.8064      24.5014  2293.0
0.0340          85.1436      60.0381      25.1055  2349.5
0.0350          85.2095      58.9432      26.2663  2458.1
0.0360          85.1174      57.0895      28.0279  2623.0
0.0370          84.9745      56.0422      28.9323  2707.6
0.0380          84.9445      57.0380      27.9066  2611.6
0.0390          85.0433      57.8128      27.2306  2548.4
0.0400          84.7053      55.4391      29.2662  2738.9
0.0410          84.4112      53.0763      31.3349  2932.5
0.0420          84.4431      53.9159      30.5272  2856.9
0.0430          84.6928      55.3712      29.3217  2744.1
0.0440          84.4026      54.1170      30.2856  2834.3
0.0450          84.2752      53.3974      30.8778  2889.7
0.0460          84.4813      54.0859      30.3954  2844.6
0.0470          84.4418      53.6293      30.8125  2883.6
0.0480          84.1708      51.9170      32.2538  3018.5
0.0490          84.0544      51.4043      32.6501  3055.6
0.0500          84.4359      52.0182      32.4177  3033.8
0.0510          83.9659      50.9670      32.9988  3088.2
0.0520          84.1048      52.4800      31.6248  2959.6
0.0530          84.3094      53.9558      30.3536  2840.6
0.0540          84.0410      52.9257      31.1153  2911.9
0.0550          83.9017      51.3525      32.5492  3046.1
0.0560          83.8059      50.3392      33.4666  3132.0
0.0570          83.7768      50.0835      33.6933  3153.2
0.0580          83.8247      49.7605      34.0642  3187.9
0.0590          83.8961      48.9406      34.9555  3271.3
0.0600          83.8040      47.9254      35.8787  3357.7
0.0610          83.8067      47.2440      36.5628  3421.7
0.0620          83.7426      47.2585      36.4842  3414.4
0.0630          83.6519      47.7932      35.8587  3355.8
0.0640          83.5400      48.2227      35.3173  3305.2
0.0650          83.4537      48.3055      35.1483  3289.3
0.0660          83.6291      48.1558      35.4733  3319.8
0.0670          83.5545      47.2442      36.3103  3398.1
0.0680          83.4547      46.6938      36.7609  3440.3
0.0690          83.3176      46.5891      36.7285  3437.2
0.0700          83.2728      47.0630      36.2098  3388.7
0.0710          83.3156      47.7941      35.5215  3324.3
0.0720          83.3122      47.8628      35.4494  3317.5
0.0730          83.1647      47.2176      35.9471  3364.1
0.0740          83.1526      46.8115      36.3410  3401.0
0.0750          83.1082      45.9117      37.1965  3481.0
0.0760          82.9217      44.0943      38.8274  3633.7
0.0770          83.0643      43.4234      39.6409  3709.8
0.0780          83.0587      43.2861      39.7726  3722.1
0.0790          82.8590      42.7961      40.0630  3749.3
0.0800          82.6370      42.4772      40.1598  3758.4
0.0810          82.5352      43.0102      39.5250  3698.9
0.0820          82.6191      44.5030      38.1161  3567.1
0.0830          82.5777      44.6801      37.8976  3546.6
0.0840          82.4222      42.7615      39.6607  3711.6
0.0850          82.1699      41.0777      41.0923  3845.6
0.0860          82.3740      41.9147      40.4593  3786.4
0.0870          81.9820      42.0060      39.9760  3741.1
0.0880          81.9782      41.9381      40.0400  3747.1
0.0890          81.9066      42.0076      39.8990  3733.9
0.0900          81.8488      42.6944      39.1544  3664.3
0.0910          81.7289      43.6860      38.0429  3560.2
0.0920          81.7672      44.4730      37.2943  3490.2
0.0930          81.5114      43.5316      37.9798  3554.3
0.0940          81.5025      42.7211      38.7814  3629.4
0.0950          81.4889      42.1486      39.3403  3681.7
0.0960          81.4693      41.6494      39.8200  3726.5
0.0970          81.3225      41.6128      39.7097  3716.2
0.0980          81.1992      42.6904      38.5088  3603.8
0.0990          81.3428      44.0917      37.2511  3486.1
0.1000          81.1450      43.5917      37.5534  3514.4
Time[ps]      Etot[eV]     Epot[eV]     Ekin[eV]    T[K]
0.0000          88.1212      86.0309       2.0903   195.6
0.0010          85.9775      72.2915      13.6860  1280.8
0.0020          85.1005      56.6041      28.4963  2666.8
0.0030          86.0466      56.2227      29.8239  2791.1
0.0040          86.4455      62.4404      24.0051  2246.5
0.0050          86.6154      68.0115      18.6039  1741.0
0.0060          86.4800      70.4742      16.0058  1497.9
0.0070          86.3764      70.2850      16.0915  1505.9
0.0080          86.3420      68.4221      17.9199  1677.0
0.0090          86.1658      64.7597      21.4061  2003.3
0.0100          85.7797      61.0090      24.7708  2318.2
0.0110          85.7530      60.3598      25.3932  2376.4
0.0120          85.9628      62.1919      23.7709  2224.6
0.0130          85.9276      62.5827      23.3449  2184.7
0.0140          85.8717      60.0377      25.8340  2417.7
0.0150          85.6145      56.6658      28.9487  2709.2
0.0160          85.6652      56.7534      28.9118  2705.7
0.0170          85.7559      59.9436      25.8123  2415.6
0.0180          85.9162      64.4839      21.4323  2005.7
0.0190          85.9743      67.6714      18.3029  1712.9
0.0200          86.0106      68.2353      17.7753  1663.5
0.0210          85.8476      66.3512      19.4964  1824.6
0.0220          85.6822      63.8497      21.8326  2043.2
0.0230          85.8091      62.8556      22.9535  2148.1
0.0240          85.7623      61.7150      24.0473  2250.5
0.0250          85.5860      60.3882      25.1978  2358.1
0.0260          85.6176      61.0246      24.5930  2301.5
0.0270          85.6996      61.6623      24.0372  2249.5
0.0280          85.5338      60.4971      25.0368  2343.1
0.0290          85.2913      58.7309      26.5604  2485.7
0.0300          85.2068      58.5911      26.6157  2490.8
0.0310          85.4685      60.4479      25.0206  2341.5
0.0320          85.4737      61.2337      24.2400  2268.5
0.0330          85.2957      60.7954      24.5003  2292.9
0.0340          85.4088      60.6107      24.7980  2320.7
0.0350          85.3071      59.2096      26.0975  2442.3
0.0360          85.0417      56.1443      28.8974  2704.4
0.0370          84.6129      55.2425      29.3705  2748.6
0.0380          85.4414      57.5531      27.8883  2609.9
0.0390          85.6492      57.0483      28.6009  2676.6
0.0400          85.4445      55.7087      29.7358  2782.8
0.0410          85.4101      54.0897      31.3204  2931.1
0.0420          85.3204      53.5486      31.7718  2973.4
0.0430          85.2827      54.3395      30.9432  2895.8
0.0440          85.3634      55.8285      29.5349  2764.0
0.0450          85.3788      56.3733      29.0055  2714.5
0.0460          85.3172      55.6022      29.7150  2780.9
0.0470          85.1481      53.6986      31.4496  2943.2
0.0480          85.0771      52.1664      32.9108  3079.9
0.0490          85.0650      51.9680      33.0969  3097.4
0.0500          85.0006      53.1288      31.8718  2982.7
0.0510          85.0920      54.7669      30.3251  2838.0
0.0520          84.9211      54.6699      30.2512  2831.1
0.0530          84.8457      53.1100      31.7357  2970.0
0.0540          84.8000      51.2913      33.5087  3135.9
0.0550          84.6176      49.5818      35.0358  3278.8
0.0560          84.5931      49.2701      35.3230  3305.7
0.0570          84.5923      49.3516      35.2407  3298.0
0.0580          84.4137      48.1307      36.2830  3395.5
0.0590          84.2443      46.6757      37.5685  3515.8
0.0600          84.2812      45.1810      39.1002  3659.2
0.0610          84.2168      43.6776      40.5392  3793.9
0.0620          84.1011      43.2071      40.8940  3827.1
0.0630          84.1680      44.2063      39.9617  3739.8
0.0640          84.3151      45.1594      39.1557  3664.4
0.0650          84.0919      45.0081      39.0838  3657.7
0.0660          84.1909      46.1019      38.0890  3564.6
0.0670          84.3087      47.2239      37.0849  3470.6
0.0680          84.0463      46.3180      37.7283  3530.8
0.0690          84.0951      46.0126      38.0824  3563.9
0.0700          83.9322      46.2023      37.7300  3531.0
0.0710          83.8094      46.5470      37.2624  3487.2
0.0720          83.8833      46.9881      36.8952  3452.8
0.0730          83.8052      46.1467      37.6585  3524.3
0.0740          83.7169      44.7364      38.9805  3648.0
0.0750          83.5256      43.5686      39.9570  3739.4
0.0760          83.4883      44.2165      39.2718  3675.2
0.0770          83.5216      45.2278      38.2937  3583.7
0.0780          83.5001      45.3076      38.1925  3574.2
0.0790          83.4315      44.7038      38.7277  3624.3
0.0800          83.3514      44.3114      39.0400  3653.6
0.0810          83.2351      44.2242      39.0108  3650.8
0.0820          83.1011      44.6867      38.4144  3595.0
0.0830          83.1676      45.4559      37.7117  3529.2
0.0840          82.9502      45.3872      37.5630  3515.3
0.0850          82.8900      45.2254      37.6646  3524.8
0.0860          82.8193      45.1703      37.6490  3523.4
0.0870          82.8768      45.8953      36.9815  3460.9
0.0880          82.9425      46.8296      36.1129  3379.6
0.0890          82.7504      46.4895      36.2609  3393.5
0.0900          82.5802      44.7052      37.8750  3544.5
0.0910          82.2384      42.9669      39.2715  3675.2
0.0920          82.2169      42.8433      39.3736  3684.8
0.0930          82.2538      43.0719      39.1819  3666.8
0.0940          82.1125      42.9443      39.1682  3665.5
0.0950          82.0776      43.5865      38.4911  3602.2
0.0960          82.2178      43.9265      38.2913  3583.5
0.0970          81.9907      42.8400      39.1507  3663.9
0.0980          81.9328      42.4480      39.4848  3695.2
0.0990          81.9276      43.3559      38.5718  3609.7
0.1000          81.9106      45.7060      36.2047  3388.2
Time[ps]      Etot[eV]     Epot[eV]     Ekin[eV]    T[K]
0.0000          88.1212      86.0309       2.0903   195.6
0.0010          86.0217      72.2757      13.7460  1286.4
0.0020          85.0889      56.5877      28.5012  2667.3
0.0030          85.9239      56.2151      29.7088  2780.3
0.0040          86.4616      62.4449      24.0168  2247.6
0.0050          86.5915      68.0212      18.5703  1737.9
0.0060          86.3941      70.4912      15.9029  1488.3
0.0070          86.2446      70.2216      16.0230  1499.5
0.0080          86.1629      68.2127      17.9503  1679.9
0.0090          85.9910      64.4738      21.5173  2013.7
0.0100          85.6738      60.7940      24.8798  2328.4
0.0110          85.6095      60.2201      25.3894  2376.1
0.0120          85.7070      61.9095      23.7975  2227.1
0.0130          85.7693      62.2229      23.5464  2203.6
0.0140          85.7646      59.7212      26.0434  2437.3
0.0150          85.4333      56.7962      28.6371  2680.0
0.0160          85.4971      57.1248      28.3723  2655.2
0.0170          85.5962      60.4745      25.1217  2351.0
0.0180          85.6790      64.4369      21.2422  1987.9
0.0190          85.6474      67.4893      18.1581  1699.3
0.0200          85.7323      68.7088      17.0235  1593.1
0.0210          85.5011      66.9995      18.5016  1731.5
0.0220          85.3488      64.5883      20.7605  1942.9
0.0230          85.4067      63.3516      22.0551  2064.0
0.0240          85.2593      61.7865      23.4729  2196.7
0.0250          85.0289      61.1746      23.8544  2232.4
0.0260          85.2313      63.1169      22.1144  2069.6
0.0270          85.3470      63.2811      22.0659  2065.0
0.0280          84.8034      59.8188      24.9846  2338.2
0.0290          84.9346      59.3403      25.5944  2395.2
0.0300          85.1589      60.4351      24.7238  2313.8
0.0310          84.8203      59.8745      24.9458  2334.5
0.0320          84.8337      60.9176      23.9161  2238.2
0.0330          85.1353      62.8930      22.2422  2081.5
0.0340          85.0419      62.3627      22.6792  2122.4
0.0350          84.8165      59.4954      25.3211  2369.7
0.0360          84.6113      56.5211      28.0902  2628.8
0.0370          84.5039      55.2138      29.2901  2741.1
0.0380          84.6490      56.3157      28.3334  2651.6
0.0390          84.7694      57.3834      27.3860  2562.9
0.0400          84.6257      55.7544      28.8712  2701.9
0.0410          84.5030      53.7031      30.8000  2882.4
0.0420          84.4756      52.8787      31.5969  2957.0
0.0430          84.4562      53.2365      31.2198  2921.7
0.0440          84.5650      53.7035      30.8615  2888.2
0.0450          84.5812      53.6304      30.9508  2896.5
0.0460          84.5194      53.8103      30.7091  2873.9
0.0470          84.6415      54.1746      30.4669  2851.2
0.0480          84.4158      52.5978      31.8180  2977.7
0.0490          84.1795      50.6906      33.4890  3134.1
0.0500          84.0838      50.1441      33.9397  3176.2
0.0510          84.1571      51.2595      32.8976  3078.7
0.0520          84.2040      51.6018      32.6023  3051.1
0.0530          83.8657      50.2595      33.6062  3145.0
0.0540          83.7707      50.4810      33.2898  3115.4
0.0550          83.8352      52.3714      31.4638  2944.5
0.0560          83.9962      53.2786      30.7176  2874.7
0.0570          83.7121      51.0596      32.6525  3055.8
0.0580          83.4465      48.3080      35.1384  3288.4
0.0590          83.6709      47.0578      36.6132  3426.4
0.0600          83.4834      45.0429      38.4405  3597.4
0.0610          83.5016      44.4499      39.0516  3654.6
0.0620          83.3254      44.7836      38.5418  3606.9
0.0630          83.3602      46.0076      37.3527  3495.6
0.0640          83.2295      47.5832      35.6464  3336.0
0.0650          83.5218      49.2034      34.3184  3211.7
0.0660          83.2341      47.6960      35.5381  3325.8
0.0670          82.9874      44.5606      38.4269  3596.2
0.0680          82.8537      42.3451      40.5086  3791.0
0.0690          82.7882      41.6688      41.1194  3848.1
0.0700          82.9115      42.5409      40.3706  3778.1
0.0710          82.7305      42.6289      40.1016  3752.9
0.0720          82.7298      42.6460      40.0838  3751.2
0.0730          82.5871      42.0389      40.5482  3794.7
0.0740          82.4497      41.1608      41.2889  3864.0
0.0750          82.3530      41.2543      41.0988  3846.2
0.0760          82.3000      42.4024      39.8976  3733.8
0.0770          82.4028      43.2500      39.1528  3664.1
0.0780          82.2193      42.3755      39.8438  3728.8
0.0790          82.1506      41.8514      40.2991  3771.4
0.0800          82.0782      42.3846      39.6936  3714.7
0.0810          82.0982      43.3783      38.7199  3623.6
0.0820          81.9763      43.1889      38.7874  3629.9
0.0830          81.8760      42.1858      39.6902  3714.4
0.0840          82.0296      42.4440      39.5856  3704.6
0.0850          81.8776      42.3944      39.4833  3695.0
0.0860          81.7114      42.2790      39.4324  3690.3
0.0870          81.7721      43.3445      38.4276  3596.2
0.0880          81.7779      44.2105      37.5673  3515.7
0.0890          81.8207      43.8213      37.9994  3556.2
0.0900          81.5958      42.5723      39.0235  3652.0
0.0910          81.5213      41.6034      39.9179  3735.7
0.0920          81.4947      41.9827      39.5120  3697.7
0.0930          81.4007      42.4087      38.9920  3649.1
0.0940          81.2769      42.0010      39.2759  3675.6
0.0950          81.0875      40.6830      40.4045  3781.3
0.0960          81.0785      40.1712      40.9073  3828.3
0.0970          80.9692      41.4332      39.5359  3700.0
0.0980          80.9272      43.1757      37.7515  3533.0
0.0990          81.0014      44.1493      36.8521  3448.8
0.1000          80.8924      43.8288      37.0636  3468.6
Time[ps]      Etot[eV]     Epot[eV]     Ekin[eV]    T[K]
Time[ps]      Etot[eV]     Epot[eV]     Ekin[eV]    T[K]
0.0000          88.1212      86.0309       2.0903   288.8
0.0010          88.1353      85.8451       2.2902   316.4
0.0020          88.1150      85.1277       2.9873   412.7
0.0030          88.0802      84.1055       3.9747   549.1
0.0040          88.0988      83.0084       5.0904   703.2
0.0050          88.0850      82.0060       6.0790   839.8
0.0060          88.0678      81.1739       6.8939   952.4
0.0070          88.0325      80.5247       7.5078  1037.2
0.0080          88.0726      80.0368       8.0359  1110.1
0.0090          88.0937      79.6750       8.4187  1163.0
0.0100          88.1275      79.4075       8.7200  1204.7
0.0110          88.1127      79.2086       8.9041  1230.1
0.0120          88.1199      79.0595       9.0604  1251.7
0.0130          88.0991      78.9452       9.1539  1264.6
0.0140          88.0647      78.8557       9.2090  1272.2
0.0150          87.9931      78.7848       9.2082  1272.1
0.0160          87.9801      78.7279       9.2521  1278.2
0.0170          87.9639      78.6813       9.2825  1282.4
0.0180          87.9378      78.6402       9.2976  1284.5
0.0190          87.9381      78.6025       9.3356  1289.7
0.0200          87.8878      78.5658       9.3220  1287.8
0.0210          87.8429      78.5268       9.3161  1287.0
0.0220          87.8173      78.4838       9.3335  1289.4
0.0230          87.8016      78.4345       9.3670  1294.0
0.0240          87.7877      78.3787       9.4090  1299.8
0.0250          87.7642      78.3157       9.4485  1305.3
0.0260          87.7077      78.2438       9.4638  1307.4
0.0270          87.6575      78.1629       9.4946  1311.7
0.0280          87.6247      78.0731       9.5515  1319.5
0.0290          87.6805      77.9764       9.7041  1340.6
0.0300          87.6345      77.8738       9.7608  1348.4
0.0310          87.5802      77.7710       9.8092  1355.1
0.0320          87.5745      77.6733       9.9012  1367.8
0.0330          87.5044      77.5849       9.9195  1370.4
0.0340          87.4765      77.5145       9.9620  1376.2
0.0350          87.4723      77.4690      10.0032  1381.9
0.0360          87.5217      77.4539      10.0677  1390.8
0.0370          87.4911      77.4726      10.0185  1384.0
0.0380          87.4346      77.5256       9.9090  1368.9
0.0390          87.4255      77.6097       9.8158  1356.0
0.0400          87.3814      77.7173       9.6641  1335.1
0.0410          87.4134      77.8315       9.5819  1323.7
0.0420          87.4322      77.9243       9.5079  1313.5
0.0430          87.4020      77.9591       9.4429  1304.5
0.0440          87.3490      77.9122       9.4369  1303.7
0.0450          87.3559      77.7898       9.5661  1321.5
0.0460          87.3132      77.6219       9.6913  1338.8
0.0470          87.3092      77.4469       9.8624  1362.5
0.0480          87.3002      77.2961      10.0041  1382.1
0.0490          87.2810      77.1888      10.0922  1394.2
0.0500          87.2950      77.1334      10.1616  1403.8
0.0510          87.2694      77.1270      10.1424  1401.2
0.0520          87.2321      77.1553      10.0768  1392.1
0.0530          87.2366      77.1958      10.0408  1387.1
0.0540          87.2259      77.2219      10.0041  1382.1
0.0550          87.2223      77.2143      10.0080  1382.6
0.0560          87.2255      77.1645      10.0610  1389.9
0.0570          87.1914      77.0817      10.1097  1396.7
0.0580          87.1489      76.9820      10.1669  1404.6
0.0590          87.1159      76.8785      10.2374  1414.3
0.0600          87.1032      76.7792      10.3239  1426.2
0.0610          87.0486      76.6897      10.3590  1431.1
0.0620          87.1115      76.6132      10.4984  1450.3
0.0630          87.0712      76.5553      10.5159  1452.8
0.0640          87.1057      76.5222      10.5835  1462.1
0.0650          87.1117      76.5152      10.5964  1463.9
0.0660          87.0438      76.5335      10.5102  1452.0
0.0670          87.0200      76.5757      10.4444  1442.9
0.0680          86.9794      76.6424      10.3370  1428.1
0.0690          86.9809      76.7344      10.2466  1415.6
0.0700          86.9997      76.8505      10.1493  1402.1
0.0710          86.9396      76.9860       9.9537  1375.1
0.0720          86.9286      77.1197       9.8089  1355.1
0.0730          86.8895      77.2280       9.6615  1334.7
0.0740          86.8547      77.2861       9.5686  1321.9
0.0750          86.8192      77.2723       9.5469  1318.9
0.0760          86.8449      77.1818       9.6631  1334.9
0.0770          86.8814      77.0317       9.8497  1360.7
0.0780          86.8491      76.8449      10.0042  1382.1
0.0790          86.7860      76.6533      10.1326  1399.8
0.0800          86.7144      76.4822      10.2322  1413.6
0.0810          86.6937      76.3468      10.3469  1429.4
0.0820          86.7293      76.2529      10.4763  1447.3
0.0830          86.7002      76.1986      10.5016  1450.8
0.0840          86.6889      76.1785      10.5104  1452.0
0.0850          86.6831      76.1826      10.5005  1450.6
0.0860          86.6537      76.2016      10.4521  1443.9
0.0870          86.6832      76.2260      10.4572  1444.7
0.0880          86.6503      76.2510      10.3992  1436.6
0.0890          86.6460      76.2702      10.3757  1433.4
0.0900          86.5897      76.2784      10.3113  1424.5
0.0910          86.5667      76.2747      10.2920  1421.8
0.0920          86.5550      76.2591      10.2959  1422.4
0.0930          86.5505      76.2351      10.3154  1425.1
0.0940          86.5455      76.2051      10.3404  1428.5
0.0950          86.5820      76.1708      10.4112  1438.3
0.0960          86.5145      76.1344      10.3801  1434.0
0.0970          86.4746      76.0943      10.3804  1434.0
0.0980          86.4917      76.0516      10.4401  1442.3
0.0990          86.4757      76.0102      10.4655  1445.8
0.1000          86.3852      75.9726      10.4126  1438.5
Time[ps]      Etot[eV]     Epot[eV]     Ekin[eV]    T[K]
